<?xml version="1.0" encoding="UTF-8"?>
<!-- Generated by org.testng.reporters.JUnitReportReporter -->
<testsuite hostname="DESKTOP-C5G8IV3" failures="0" tests="3" name="ItemTest" time="47.305" errors="0" timestamp="24 Feb 2022 12:09:11 GMT" skipped="0">
  <testcase classname="ItemTest" name="FavoriteItem" time="17.370"/>
  <testcase classname="ItemTest" name="CompareItem" time="17.484"/>
  <testcase classname="ItemTest" name="AddItemToCart" time="12.451"/>
</testsuite> <!-- ItemTest -->
