<?xml version="1.0" encoding="UTF-8"?>
<!-- Generated by org.testng.reporters.JUnitReportReporter -->
<testsuite hostname="DESKTOP-C5G8IV3" failures="0" tests="3" name="LoginTest" time="23.155" errors="0" timestamp="24 Feb 2022 12:09:11 GMT" skipped="0">
  <testcase classname="LoginTest" name="LoginOnlyMail" time="8.634"/>
  <testcase classname="LoginTest" name="LoginOnlyPassword" time="6.046"/>
  <testcase classname="LoginTest" name="LoginIncorrectCredentials" time="8.475"/>
</testsuite> <!-- LoginTest -->
