<?xml version="1.0" encoding="UTF-8"?>
<!-- Generated by org.testng.reporters.JUnitReportReporter -->
<testsuite hostname="DESKTOP-C5G8IV3" failures="0" tests="3" name="SearchTest" time="22.471" errors="0" timestamp="24 Feb 2022 12:09:11 GMT" skipped="0">
  <testcase classname="SearchTest" name="EmptySearch" time="6.842"/>
  <testcase classname="SearchTest" name="RandomTextSearch" time="6.168"/>
  <testcase classname="SearchTest" name="ItemSearch" time="9.461"/>
</testsuite> <!-- SearchTest -->
